{
  "stats": {
    "suites": 0,
    "tests": 1,
    "passes": 1,
    "pending": 0,
    "failures": 0,
    "start": "2021-12-12T17:25:08.754Z",
    "end": "2021-12-12T17:25:09.152Z",
    "duration": 398,
    "testsRegistered": 1,
    "passPercent": 100,
    "pendingPercent": 0,
    "other": 0,
    "hasOther": false,
    "skipped": 0,
    "hasSkipped": false
  },
  "results": [
    {
      "uuid": "272a6c80-4138-415c-9f1b-3ec9c47fcb28",
      "title": "",
      "fullFile": "cypress/integration/spec.js",
      "file": "cypress/integration/spec.js",
      "beforeHooks": [],
      "afterHooks": [],
      "tests": [
        {
          "title": "loads page",
          "fullTitle": "loads page",
          "timedOut": null,
          "duration": 343,
          "state": "passed",
          "speed": "fast",
          "pass": true,
          "fail": false,
          "pending": false,
          "context": null,
          "code": "cy.visit('/');\ncy.contains('Hi there');",
          "err": {},
          "uuid": "6a4246ea-ad07-4fc2-9fbe-13396106691e",
          "parentUUID": "272a6c80-4138-415c-9f1b-3ec9c47fcb28",
          "isHook": false,
          "skipped": false
        }
      ],
      "suites": [],
      "passes": [
        "6a4246ea-ad07-4fc2-9fbe-13396106691e"
      ],
      "failures": [],
      "pending": [],
      "skipped": [],
      "duration": 343,
      "root": true,
      "rootEmpty": false,
      "_timeout": 2000
    }
  ],
  "meta": {
    "mocha": {
      "version": "7.0.1"
    },
    "mochawesome": {
      "options": {
        "quiet": false,
        "reportFilename": "mochawesome",
        "saveHtml": false,
        "saveJson": true,
        "consoleReporter": "spec",
        "useInlineDiffs": false,
        "code": true
      },
      "version": "6.3.1"
    },
    "marge": {
      "options": {
        "mochaFile": "cypress/results/output.xml",
        "reportDir": "cypress/report/.jsons",
        "overwrite": false,
        "html": false,
        "json": true
      },
      "version": "5.2.0"
    }
  }
}