{
  "stats": {
    "suites": 1,
    "tests": 2,
    "passes": 2,
    "pending": 0,
    "failures": 0,
    "start": "2021-12-12T17:06:46.062Z",
    "end": "2021-12-12T17:06:47.164Z",
    "duration": 1102,
    "testsRegistered": 2,
    "passPercent": 100,
    "pendingPercent": 0,
    "other": 0,
    "hasOther": false,
    "skipped": 0,
    "hasSkipped": false
  },
  "results": [
    {
      "uuid": "e06f0074-60ea-4f22-b711-eff2846b7db0",
      "title": "",
      "fullFile": "cypress/integration/demo.js",
      "file": "cypress/integration/demo.js",
      "beforeHooks": [],
      "afterHooks": [],
      "tests": [
        {
          "title": "POST",
          "fullTitle": "POST",
          "timedOut": null,
          "duration": 814,
          "state": "passed",
          "speed": "fast",
          "pass": true,
          "fail": false,
          "pending": false,
          "context": null,
          "code": "cy.request({\n  method: 'POST',\n  url: 'https://httpbin.org/post',\n  body: {\n    'name': 'Whoami',\n    'age': 23\n  },\n  headers: {\n    'content-type': 'application/json'\n  }\n}).then(function (response) {\n  expect(response.body).have.property('json');\n  expect(response.body.json).to.deep.equal({\n    \"name\": \"Whoami\",\n    \"age\": 23\n  });\n});",
          "err": {},
          "uuid": "efed076f-7757-4484-9455-fe894493c45e",
          "parentUUID": "e06f0074-60ea-4f22-b711-eff2846b7db0",
          "isHook": false,
          "skipped": false
        }
      ],
      "suites": [
        {
          "uuid": "3e411660-f222-462e-bf74-69d6fdc4eece",
          "title": "HTTP Example",
          "fullFile": "",
          "file": "",
          "beforeHooks": [],
          "afterHooks": [],
          "tests": [
            {
              "title": "GET",
              "fullTitle": "HTTP Example GET",
              "timedOut": null,
              "duration": 235,
              "state": "passed",
              "speed": "fast",
              "pass": true,
              "fail": false,
              "pending": false,
              "context": null,
              "code": "cy.request({\n  method: 'GET',\n  url: 'https://httpbin.org/get'\n}).then(function (response) {\n  expect(response.body).have.property('url');\n});",
              "err": {},
              "uuid": "ea0c460e-5a80-43de-bdfb-1222b98e7ef2",
              "parentUUID": "3e411660-f222-462e-bf74-69d6fdc4eece",
              "isHook": false,
              "skipped": false
            }
          ],
          "suites": [],
          "passes": [
            "ea0c460e-5a80-43de-bdfb-1222b98e7ef2"
          ],
          "failures": [],
          "pending": [],
          "skipped": [],
          "duration": 235,
          "root": false,
          "rootEmpty": false,
          "_timeout": 2000
        }
      ],
      "passes": [
        "efed076f-7757-4484-9455-fe894493c45e"
      ],
      "failures": [],
      "pending": [],
      "skipped": [],
      "duration": 814,
      "root": true,
      "rootEmpty": false,
      "_timeout": 2000
    }
  ],
  "meta": {
    "mocha": {
      "version": "7.0.1"
    },
    "mochawesome": {
      "options": {
        "quiet": false,
        "reportFilename": "mochawesome",
        "saveHtml": false,
        "saveJson": true,
        "consoleReporter": "spec",
        "useInlineDiffs": false,
        "code": true
      },
      "version": "6.3.1"
    },
    "marge": {
      "options": {
        "reportDir": "cypress/report/.jsons",
        "charts": true,
        "reportPageTitle": "Joan Media Demo Report",
        "embeddedScreenshots": true,
        "overwrite": false,
        "html": false,
        "json": true
      },
      "version": "5.2.0"
    }
  }
}