{
  "stats": {
    "suites": 0,
    "tests": 1,
    "passes": 1,
    "pending": 0,
    "failures": 0,
    "start": "2021-12-12T17:18:58.404Z",
    "end": "2021-12-12T17:18:59.528Z",
    "duration": 1124,
    "testsRegistered": 1,
    "passPercent": 100,
    "pendingPercent": 0,
    "other": 0,
    "hasOther": false,
    "skipped": 0,
    "hasSkipped": false
  },
  "results": [
    {
      "uuid": "62540528-1b57-44d8-b6bd-8a2ef1e16ae8",
      "title": "",
      "fullFile": "cypress/integration/spec.js",
      "file": "cypress/integration/spec.js",
      "beforeHooks": [],
      "afterHooks": [],
      "tests": [
        {
          "title": "loads page",
          "fullTitle": "loads page",
          "timedOut": null,
          "duration": 1022,
          "state": "passed",
          "speed": "fast",
          "pass": true,
          "fail": false,
          "pending": false,
          "context": null,
          "code": "cy.visit('/');\ncy.contains('Hi there');",
          "err": {},
          "uuid": "a26e45c2-b1c7-404b-ab75-feff5d383b3f",
          "parentUUID": "62540528-1b57-44d8-b6bd-8a2ef1e16ae8",
          "isHook": false,
          "skipped": false
        }
      ],
      "suites": [],
      "passes": [
        "a26e45c2-b1c7-404b-ab75-feff5d383b3f"
      ],
      "failures": [],
      "pending": [],
      "skipped": [],
      "duration": 1022,
      "root": true,
      "rootEmpty": false,
      "_timeout": 2000
    }
  ],
  "meta": {
    "mocha": {
      "version": "7.0.1"
    },
    "mochawesome": {
      "options": {
        "quiet": false,
        "reportFilename": "mochawesome",
        "saveHtml": false,
        "saveJson": true,
        "consoleReporter": "spec",
        "useInlineDiffs": false,
        "code": true
      },
      "version": "6.3.1"
    },
    "marge": {
      "options": {
        "reportDir": "cypress/report/.jsons",
        "charts": true,
        "reportPageTitle": "Joan Media Demo Report",
        "embeddedScreenshots": true,
        "overwrite": false,
        "html": false,
        "json": true
      },
      "version": "5.2.0"
    }
  }
}