{
  "stats": {
    "suites": 1,
    "tests": 2,
    "passes": 2,
    "pending": 0,
    "failures": 0,
    "start": "2021-12-12T17:10:10.910Z",
    "end": "2021-12-12T17:10:12.356Z",
    "duration": 1446,
    "testsRegistered": 2,
    "passPercent": 100,
    "pendingPercent": 0,
    "other": 0,
    "hasOther": false,
    "skipped": 0,
    "hasSkipped": false
  },
  "results": [
    {
      "uuid": "da651504-7079-4413-bfb8-bd365ba98af1",
      "title": "",
      "fullFile": "cypress/integration/demo.js",
      "file": "cypress/integration/demo.js",
      "beforeHooks": [],
      "afterHooks": [],
      "tests": [
        {
          "title": "POST",
          "fullTitle": "POST",
          "timedOut": null,
          "duration": 1066,
          "state": "passed",
          "speed": "fast",
          "pass": true,
          "fail": false,
          "pending": false,
          "context": null,
          "code": "cy.request({\n  method: 'POST',\n  url: 'https://httpbin.org/post',\n  body: {\n    'name': 'Whoami',\n    'age': 23\n  },\n  headers: {\n    'content-type': 'application/json'\n  }\n}).then(function (response) {\n  expect(response.body).have.property('json');\n  expect(response.body.json).to.deep.equal({\n    \"name\": \"Whoami\",\n    \"age\": 23\n  });\n});",
          "err": {},
          "uuid": "030b1d31-5156-4f31-8789-9de757058a3b",
          "parentUUID": "da651504-7079-4413-bfb8-bd365ba98af1",
          "isHook": false,
          "skipped": false
        }
      ],
      "suites": [
        {
          "uuid": "6800340c-4008-4873-b656-7313395c7796",
          "title": "HTTP Example",
          "fullFile": "",
          "file": "",
          "beforeHooks": [],
          "afterHooks": [],
          "tests": [
            {
              "title": "GET",
              "fullTitle": "HTTP Example GET",
              "timedOut": null,
              "duration": 267,
              "state": "passed",
              "speed": "fast",
              "pass": true,
              "fail": false,
              "pending": false,
              "context": null,
              "code": "cy.request({\n  method: 'GET',\n  url: 'https://httpbin.org/get'\n}).then(function (response) {\n  expect(response.body).have.property('url');\n});",
              "err": {},
              "uuid": "ecdb48ce-8521-4950-91d2-db761512fe6e",
              "parentUUID": "6800340c-4008-4873-b656-7313395c7796",
              "isHook": false,
              "skipped": false
            }
          ],
          "suites": [],
          "passes": [
            "ecdb48ce-8521-4950-91d2-db761512fe6e"
          ],
          "failures": [],
          "pending": [],
          "skipped": [],
          "duration": 267,
          "root": false,
          "rootEmpty": false,
          "_timeout": 2000
        }
      ],
      "passes": [
        "030b1d31-5156-4f31-8789-9de757058a3b"
      ],
      "failures": [],
      "pending": [],
      "skipped": [],
      "duration": 1066,
      "root": true,
      "rootEmpty": false,
      "_timeout": 2000
    }
  ],
  "meta": {
    "mocha": {
      "version": "7.0.1"
    },
    "mochawesome": {
      "options": {
        "quiet": false,
        "reportFilename": "mochawesome",
        "saveHtml": false,
        "saveJson": true,
        "consoleReporter": "spec",
        "useInlineDiffs": false,
        "code": true
      },
      "version": "6.3.1"
    },
    "marge": {
      "options": {
        "reportDir": "cypress/report/.jsons",
        "charts": true,
        "reportPageTitle": "Joan Media Demo Report",
        "embeddedScreenshots": true,
        "overwrite": false,
        "html": false,
        "json": true
      },
      "version": "5.2.0"
    }
  }
}