{
  "stats": {
    "suites": 0,
    "tests": 1,
    "passes": 1,
    "pending": 0,
    "failures": 0,
    "start": "2021-12-12T17:23:13.555Z",
    "end": "2021-12-12T17:23:14.322Z",
    "duration": 767,
    "testsRegistered": 1,
    "passPercent": 100,
    "pendingPercent": 0,
    "other": 0,
    "hasOther": false,
    "skipped": 0,
    "hasSkipped": false
  },
  "results": [
    {
      "uuid": "863e6d45-ff9b-4b36-8e27-b9dca0e50275",
      "title": "",
      "fullFile": "cypress/integration/spec.js",
      "file": "cypress/integration/spec.js",
      "beforeHooks": [],
      "afterHooks": [],
      "tests": [
        {
          "title": "loads page",
          "fullTitle": "loads page",
          "timedOut": null,
          "duration": 667,
          "state": "passed",
          "speed": "fast",
          "pass": true,
          "fail": false,
          "pending": false,
          "context": null,
          "code": "cy.visit('/');\ncy.contains('Hi there');",
          "err": {},
          "uuid": "17310a0e-a0fa-434b-b22a-60f5c9735a5a",
          "parentUUID": "863e6d45-ff9b-4b36-8e27-b9dca0e50275",
          "isHook": false,
          "skipped": false
        }
      ],
      "suites": [],
      "passes": [
        "17310a0e-a0fa-434b-b22a-60f5c9735a5a"
      ],
      "failures": [],
      "pending": [],
      "skipped": [],
      "duration": 667,
      "root": true,
      "rootEmpty": false,
      "_timeout": 2000
    }
  ],
  "meta": {
    "mocha": {
      "version": "7.0.1"
    },
    "mochawesome": {
      "options": {
        "quiet": false,
        "reportFilename": "mochawesome",
        "saveHtml": false,
        "saveJson": true,
        "consoleReporter": "spec",
        "useInlineDiffs": false,
        "code": true
      },
      "version": "6.3.1"
    },
    "marge": {
      "options": {
        "mochaFile": "cypress/results/output.xml",
        "overwrite": false,
        "html": false,
        "json": true,
        "reportDir": "cypress/reports/html/.jsons"
      },
      "version": "5.2.0"
    }
  }
}